commit c045ca66bf22351f8eb5fc2276d3ad601d38a8f7
Author: Nguyen <asn579@52.0-26.89.116.129.in-addr.arpa>
Date:   Thu Sep 8 16:24:59 2016 -0500

    ready for submission

commit 2c5e5179edd2960280738b1b8c55f9b7c29eb1f1
Author: asnguyen <asnguyen@users.noreply.github.com>
Date:   Thu Sep 8 16:15:25 2016 -0500

    travis ci - post rollback

commit 3985fbbac5bbcd254adaf0be5244a6b9a49d9d21
Author: asnguyen <asnguyen@users.noreply.github.com>
Date:   Thu Sep 8 14:55:45 2016 -0500

    travis ci test #1
    
    This .travis.yml file is from an older semester of downing's class (cs371g: generic programming). sudo: false takes us to the container-based environment. First test to see if it works

commit 6b829b59adec4d981b0554a2c9f6393de2560fe6
Author: asnguyen <asnguyen@users.noreply.github.com>
Date:   Thu Sep 8 10:15:04 2016 -0500

    master branch (for travis ci testing)

commit 42058f4dd60579d870f5c7fb30969b424640c2dd
Author: Nguyen <asn579@52.0-26.89.116.129.in-addr.arpa>
Date:   Thu Sep 8 07:57:45 2016 -0500

    added my test to public repo. ready for submission. close #13

commit 55d3cf322ee52df636328f03f4b6fee822a18fe4
Author: Nguyen <asn579@52.0-26.89.116.129.in-addr.arpa>
Date:   Thu Sep 8 07:56:27 2016 -0500

    my test added to public test. close #13

commit 4ea8b60c10e185dd4666d38fbedf60701e6d1621
Author: Nguyen <asn579@35.0-26.89.116.129.in-addr.arpa>
Date:   Wed Sep 7 16:42:39 2016 -0500

    added log and html

commit dd0506fd3a4ddfa18641b7c1568d7bda0bc4c63d
Author: Nguyen <asn579@35.0-26.89.116.129.in-addr.arpa>
Date:   Wed Sep 7 16:36:45 2016 -0500

    ready for submission

commit a5e1ba5e6e56f9b04cd576cc269b84fef1f3f022
Author: Nguyen <asn579@35.0-26.89.116.129.in-addr.arpa>
Date:   Wed Sep 7 16:17:22 2016 -0500

    adding test files to public repo

commit 155869a0e95d2e1710a04c1747b2e8d4c9544b64
Author: Nguyen <asn579@35.0-26.89.116.129.in-addr.arpa>
Date:   Wed Sep 7 16:14:29 2016 -0500

    fixed TestCollatz.out

commit 035f3608eb8de7512c498f52752153a06147b4ac
Author: Nguyen <asn579@35.0-26.89.116.129.in-addr.arpa>
Date:   Wed Sep 7 16:09:27 2016 -0500

    added asn579 files to collatz test folder

commit 0bfac5e69da2c024f0f791743dac3070131d1192
Author: Nguyen <asn579@35.0-26.89.116.129.in-addr.arpa>
Date:   Wed Sep 7 15:10:31 2016 -0500

    optimize Collatz.c++  with a cache

commit 39b306539e63b4f64d02163b8df6819130756773
Author: Anthony Nguyen <anthony@cs.utexas.edu>
Date:   Tue Sep 6 19:02:57 2016 -0500

    added UVaCollatz and confirmed success

commit d5f0a2fb52d22532a926c39a86c853c61d5494b0
Author: Anthony Nguyen <anthony@cs.utexas.edu>
Date:   Tue Sep 6 18:51:59 2016 -0500

    readded collatz-test folder

commit 88064cde1217568ad347691baa71c61f0052101a
Author: Anthony Nguyen <anthony@cs.utexas.edu>
Date:   Tue Sep 6 18:48:10 2016 -0500

    more unit test and more acceptance test

commit d4a755d564c18948936f12288b5805582a8618ae
Author: Anthony Nguyen <anthony@cs.utexas.edu>
Date:   Tue Sep 6 18:17:26 2016 -0500

    basic solution. no optimization yet

commit 44b43facf88d5f5ef6e12b4d7eefb29d19968579
Merge: 652cf0c 52925e4
Author: Anthony Nguyen <anthony@cs.utexas.edu>
Date:   Tue Sep 6 18:01:39 2016 -0500

    Merge branch 'master' of https://github.com/asnguyen/cs371p-collatz

commit 652cf0ca54b02250aeec1df95f1d3363f0f5bac0
Author: Anthony Nguyen <anthony@cs.utexas.edu>
Date:   Tue Sep 6 18:01:10 2016 -0500

    connect to travis ci

commit 52925e43a19f133ebaf9f204c56f730569dadceb
Author: asnguyen <asnguyen@users.noreply.github.com>
Date:   Tue Sep 6 17:58:33 2016 -0500

    Create .travis.yml

commit 5cee23953ecf3009f889b3e0aa72a73a85ab95fd
Author: Nguyen <asn579@47.0-26.89.116.129.in-addr.arpa>
Date:   Tue Sep 6 16:32:51 2016 -0500

    add .out files

commit c2dc47961c788dbb5ae9cd0b37b9bce0ccbd84e2
Author: asnguyen <asnguyen@users.noreply.github.com>
Date:   Tue Sep 6 16:30:17 2016 -0500

    edited gitignore

commit 048feba36bffd43c150af584e354910f30fd00ff
Author: Nguyen <asn579@6.0-26.89.116.129.in-addr.arpa>
Date:   Tue Sep 6 09:52:40 2016 -0500

    edited Collatz.c++ UNTESTED

commit 1f669414b862d0505a8323f074ea30c2d8b47b69
Author: Nguyen <asn579@6.0-26.89.116.129.in-addr.arpa>
Date:   Tue Sep 6 08:48:14 2016 -0500

    Setup for Project 1

commit 73229bf8e02a89d8371a46084c9c18b4cff7e47d
Author: asnguyen <asnguyen@users.noreply.github.com>
Date:   Tue Sep 6 08:28:37 2016 -0500

    Initial commit
